{"uuid":"44003540-7e49-4563-8af7-f84366d13381","historyId":"731169e6ae69c2f48665cdcb7012da4a","fullName":"com.test.webapps.BrowerStack.testCloud","labels":[{"name":"package","value":"com.test.webapps.BrowerStack"},{"name":"testClass","value":"com.test.webapps.BrowerStack"},{"name":"testMethod","value":"testCloud"},{"name":"parentSuite","value":"Gradle suite"},{"name":"suite","value":"Gradle test"},{"name":"subSuite","value":"com.test.webapps.BrowerStack"},{"name":"host","value":"TestVagrants-MacBook-Pro-3.local"},{"name":"thread","value":"4902@TestVagrants-MacBook-Pro-3.local.Test worker(1)"},{"name":"framework","value":"testng"},{"name":"language","value":"java"}],"links":[],"name":"testCloud","status":"skipped","statusDetails":{"known":false,"muted":false,"flaky":false,"message":"Could not start a new session. Possible causes are invalid address of the remote server or browser start-up failure. \nHost info: host: 'TestVagrants-MacBook-Pro-3.local', ip: 'fe80:0:0:0:8e0:95d6:e26b:43ab%en0'\nBuild info: version: '4.15.0', revision: '1d14b5521b'\nSystem info: os.name: 'Mac OS X', os.arch: 'x86_64', os.version: '13.5', java.version: '17.0.1'\nDriver info: org.openqa.selenium.remote.RemoteWebDriver\nCommand: [null, newSession {capabilities=[Capabilities {browserName: iPhone, device: iPhone X, name: Bstack-[Java] Sample Test, os_version: 11, realMobile: true}]}]\nCapabilities {browserName: iPhone, device: iPhone X, name: Bstack-[Java] Sample Test, os_version: 11, realMobile: true}","trace":"org.openqa.selenium.SessionNotCreatedException: Could not start a new session. Possible causes are invalid address of the remote server or browser start-up failure. \nHost info: host: 'TestVagrants-MacBook-Pro-3.local', ip: 'fe80:0:0:0:8e0:95d6:e26b:43ab%en0'\nBuild info: version: '4.15.0', revision: '1d14b5521b'\nSystem info: os.name: 'Mac OS X', os.arch: 'x86_64', os.version: '13.5', java.version: '17.0.1'\nDriver info: org.openqa.selenium.remote.RemoteWebDriver\nCommand: [null, newSession {capabilities=[Capabilities {browserName: iPhone, device: iPhone X, name: Bstack-[Java] Sample Test, os_version: 11, realMobile: true}]}]\nCapabilities {browserName: iPhone, device: iPhone X, name: Bstack-[Java] Sample Test, os_version: 11, realMobile: true}\n\tat org.openqa.selenium.remote.RemoteWebDriver.execute(RemoteWebDriver.java:625)\n\tat org.openqa.selenium.remote.RemoteWebDriver.startSession(RemoteWebDriver.java:241)\n\tat org.openqa.selenium.remote.RemoteWebDriver.<init>(RemoteWebDriver.java:168)\n\tat org.openqa.selenium.remote.RemoteWebDriver.<init>(RemoteWebDriver.java:148)\n\tat com.test.webapps.BrowerStack.setup(BrowerStack.java:31)\n\tat java.base/jdk.internal.reflect.NativeMethodAccessorImpl.invoke0(Native Method)\n\tat java.base/jdk.internal.reflect.NativeMethodAccessorImpl.invoke(NativeMethodAccessorImpl.java:77)\n\tat java.base/jdk.internal.reflect.DelegatingMethodAccessorImpl.invoke(DelegatingMethodAccessorImpl.java:43)\n\tat java.base/java.lang.reflect.Method.invoke(Method.java:568)\n\tat org.testng.internal.invokers.MethodInvocationHelper.invokeMethod(Unknown Source)\n\tat org.testng.internal.invokers.MethodInvocationHelper.invokeMethodConsideringTimeout(Unknown Source)\n\tat org.testng.internal.invokers.ConfigInvoker.a(Unknown Source)\n\tat org.testng.internal.invokers.ConfigInvoker.invokeConfigurations(Unknown Source)\n\tat org.testng.internal.invokers.TestInvoker.a(Unknown Source)\n\tat org.testng.internal.invokers.TestInvoker.a(Unknown Source)\n\tat org.testng.internal.invokers.TestInvoker.invokeTestMethod(Unknown Source)\n\tat org.testng.internal.invokers.MethodRunner.runInSequence(Unknown Source)\n\tat org.testng.internal.invokers.TestInvoker$MethodInvocationAgent.a(Unknown Source)\n\tat org.testng.internal.invokers.TestInvoker.invokeTestMethods(Unknown Source)\n\tat org.testng.internal.invokers.TestMethodWorker.invokeTestMethods(Unknown Source)\n\tat org.testng.internal.invokers.TestMethodWorker.run(Unknown Source)\n\tat java.base/java.util.ArrayList.forEach(ArrayList.java:1511)\n\tat org.testng.TestRunner.a(Unknown Source)\n\tat org.testng.TestRunner.run(Unknown Source)\n\tat org.testng.SuiteRunner.a(Unknown Source)\n\tat org.testng.SuiteRunner.a(Unknown Source)\n\tat org.testng.SuiteRunner.run(Unknown Source)\n\tat org.testng.SuiteRunnerWorker.run(Unknown Source)\n\tat org.testng.TestNG.a(Unknown Source)\n\tat org.testng.TestNG.runSuitesLocally(Unknown Source)\n\tat org.testng.TestNG.runSuites(Unknown Source)\n\tat org.testng.TestNG.run(Unknown Source)\n\tat org.gradle.api.internal.tasks.testing.testng.TestNGTestClassProcessor.runTests(TestNGTestClassProcessor.java:141)\n\tat org.gradle.api.internal.tasks.testing.testng.TestNGTestClassProcessor.stop(TestNGTestClassProcessor.java:90)\n\tat org.gradle.api.internal.tasks.testing.SuiteTestClassProcessor.stop(SuiteTestClassProcessor.java:61)\n\tat java.base/jdk.internal.reflect.NativeMethodAccessorImpl.invoke0(Native Method)\n\tat java.base/jdk.internal.reflect.NativeMethodAccessorImpl.invoke(NativeMethodAccessorImpl.java:77)\n\tat java.base/jdk.internal.reflect.DelegatingMethodAccessorImpl.invoke(DelegatingMethodAccessorImpl.java:43)\n\tat java.base/java.lang.reflect.Method.invoke(Method.java:568)\n\tat org.gradle.internal.dispatch.ReflectionDispatch.dispatch(ReflectionDispatch.java:36)\n\tat org.gradle.internal.dispatch.ReflectionDispatch.dispatch(ReflectionDispatch.java:24)\n\tat org.gradle.internal.dispatch.ContextClassLoaderDispatch.dispatch(ContextClassLoaderDispatch.java:33)\n\tat org.gradle.internal.dispatch.ProxyDispatchAdapter$DispatchingInvocationHandler.invoke(ProxyDispatchAdapter.java:94)\n\tat jdk.proxy1/jdk.proxy1.$Proxy2.stop(Unknown Source)\n\tat org.gradle.api.internal.tasks.testing.worker.TestWorker$3.run(TestWorker.java:193)\n\tat org.gradle.api.internal.tasks.testing.worker.TestWorker.executeAndMaintainThreadName(TestWorker.java:129)\n\tat org.gradle.api.internal.tasks.testing.worker.TestWorker.execute(TestWorker.java:100)\n\tat org.gradle.api.internal.tasks.testing.worker.TestWorker.execute(TestWorker.java:60)\n\tat org.gradle.process.internal.worker.child.ActionExecutionWorker.execute(ActionExecutionWorker.java:56)\n\tat org.gradle.process.internal.worker.child.SystemApplicationClassLoaderWorker.call(SystemApplicationClassLoaderWorker.java:133)\n\tat org.gradle.process.internal.worker.child.SystemApplicationClassLoaderWorker.call(SystemApplicationClassLoaderWorker.java:71)\n\tat worker.org.gradle.process.internal.worker.GradleWorkerMain.run(GradleWorkerMain.java:69)\n\tat worker.org.gradle.process.internal.worker.GradleWorkerMain.main(GradleWorkerMain.java:74)\nCaused by: java.lang.IllegalArgumentException: Illegal key values seen in w3c capabilities: [device, name, os_version, realMobile]\n\tat org.openqa.selenium.remote.NewSessionPayload.lambda$validate$4(NewSessionPayload.java:184)\n\tat java.base/java.util.stream.ReferencePipeline$15$1.accept(ReferencePipeline.java:540)\n\tat java.base/java.util.stream.ReferencePipeline$15$1.accept(ReferencePipeline.java:541)\n\tat java.base/java.util.stream.ReferencePipeline$3$1.accept(ReferencePipeline.java:197)\n\tat java.base/java.util.stream.ReferencePipeline$15$1.accept(ReferencePipeline.java:541)\n\tat java.base/java.util.ArrayList$ArrayListSpliterator.forEachRemaining(ArrayList.java:1625)\n\tat java.base/java.util.stream.AbstractPipeline.copyInto(AbstractPipeline.java:509)\n\tat java.base/java.util.stream.AbstractPipeline.wrapAndCopyInto(AbstractPipeline.java:499)\n\tat java.base/java.util.stream.ForEachOps$ForEachOp.evaluateSequential(ForEachOps.java:150)\n\tat java.base/java.util.stream.ForEachOps$ForEachOp$OfRef.evaluateSequential(ForEachOps.java:173)\n\tat java.base/java.util.stream.AbstractPipeline.evaluate(AbstractPipeline.java:234)\n\tat java.base/java.util.stream.ReferencePipeline.forEach(ReferencePipeline.java:596)\n\tat org.openqa.selenium.remote.NewSessionPayload.validate(NewSessionPayload.java:188)\n\tat org.openqa.selenium.remote.NewSessionPayload.<init>(NewSessionPayload.java:91)\n\tat org.openqa.selenium.remote.NewSessionPayload.create(NewSessionPayload.java:127)\n\tat org.openqa.selenium.remote.NewSessionPayload.create(NewSessionPayload.java:111)\n\tat org.openqa.selenium.remote.ProtocolHandshake.createSession(ProtocolHandshake.java:67)\n\tat org.openqa.selenium.remote.HttpCommandExecutor.execute(HttpCommandExecutor.java:163)\n\tat org.openqa.selenium.remote.TracedCommandExecutor.execute(TracedCommandExecutor.java:51)\n\tat org.openqa.selenium.remote.RemoteWebDriver.execute(RemoteWebDriver.java:607)\n\t... 52 more\n"},"stage":"finished","steps":[],"attachments":[],"parameters":[],"start":1700648904650,"stop":1700648904651}